No files changed, compilation skipped
Script ran successfully.

== Logs ==
  === TOKEN BALANCES ===
  Address: 0x73D43dd9Ac2C0Fd004286F7a13F51bec163efB2C
  
  ETH Balance (wei): 2104966229509618861
  ETH Balance (ETH): 2
  USDC Balance (raw): 300094
  USDC Balance (USDC): 0
  WETH Balance (wei): 2000000000009992
  WETH Balance (WETH): 0
  
  === REQUIREMENTS ===
  Required USDC: 113 USDC
  Required WETH: 0 WETH
  
  [ERROR] INSUFFICIENT BALANCE
  
  === HOW TO GET TEST TOKENS ===
  
  1. Base Sepolia ETH Faucet:
     https://www.alchemy.com/faucets/base-sepolia
  
  2. Wrap ETH to WETH:
     Visit: https://sepolia.basescan.org/address/0x4200000000000000000000000000000000000006#writeContract
     Call: deposit() with value
  
  3. Get USDC from Aave Faucet:
     Visit: https://staging.aave.com/faucet/
     Select Base Sepolia network
     Request USDC tokens
  
  OR use the WrapETH.s.sol script:
     forge script script/WrapETH.s.sol:WrapETH --rpc-url base_sepolia --broadcast
