No files changed, compilation skipped
Script ran successfully.

== Logs ==
  === VERIFYING FOLLOWER VAULT NFT OWNERSHIP ===
  User Address: 0x73D43dd9Ac2C0Fd004286F7a13F51bec163efB2C
  
  Follower Vault: 0x2E32D35E8C4aBf8d2649aa26314956bEf0449cE9
  
  Positions Recorded in Vault: 2
  
  --- Position 0 ---
  Protocol: 0x27F971cb582BF9E50F397e4d29a5C7A34f11faA2
  Token0: 0x036CbD53842c5426634e7929541eC2318f3dCF7e
  Token1: 0x4200000000000000000000000000000000000006
  Liquidity: 1961179343
  TokenId: 71035
  Is Active: true
  
  --- Position 1 ---
  Protocol: 0x27F971cb582BF9E50F397e4d29a5C7A34f11faA2
  Token0: 0x036CbD53842c5426634e7929541eC2318f3dCF7e
  Token1: 0x4200000000000000000000000000000000000006
  Liquidity: 981079966
  TokenId: 71040
  Is Active: true
  
  === ACTUAL NFT OWNERSHIP ===
  Vault's Uniswap V3 NFT Balance: 2
  
  Vault owns the following NFT token IDs:
    NFT # 71035
    NFT # 71040
  
  [OK] Follower vault DOES own real Uniswap V3 NFT positions!
  
  === LEADER NFT OWNERSHIP (for comparison) ===
  Leader's Uniswap V3 NFT Balance: 5
  Leader owns the following NFT token IDs:
    NFT # 71018
    NFT # 71031
    NFT # 71032
    NFT # 71034
    NFT # 71039
